# 📝 История сессии

## 2025-06-22 - Завершение эпика BKLG-1 "Изменить открытие подарка"

### ✅ Выполненные задачи
- **Полный редизайн попапа подарка**: Обновлен CSS, изменена структура JSX для современного вида.
- **Реализация предпросмотра в редакторе**: Добавлен двойной предпросмотр (карточка + открытый вид) в `ProfilePage.tsx` с обновлением в реальном времени.
- **Улучшения UX**:
  - Реализовано закрытие окон по нажатию клавиши `Escape`.
  - Блок "Как активировать?" сделан раскрывающимся.
- **Исправление ошибок и верстки**:
  - Устранены все ошибки линтера в проекте.
  - Решена многоэтапная проблема с видимостью кнопки закрытия попапа.
  - Исправлена и адаптирована верстка страницы редактора, включая мобильный вид.
- **Работа с Git**: Обновлен `.gitignore`, создан коммит с подробным описанием проделанной работы.

### 📂 Обновленные файлы
- `my-gift-service-frontend/src/components/GiftDetailsPopup.tsx`
- `my-gift-service-frontend/src/components/GiftDetailsPopup.css`
- `my-gift-service-frontend/src/components/GiftCard.tsx`
- `my-gift-service-frontend/src/pages/ProfilePage.tsx`
- `my-gift-service-frontend/src/pages/ProfilePage.css`
- `.gitignore`

### 🎯 Результат
- Эпик BKLG-1 переведен в статус "Готово".
- Вся связанная документация в `.ai_context` обновлена.
- Функционал полностью реализован и протестирован.

---

## 2025-01-27 - Восстановление контекста проекта

### 🔍 Анализ проекта
- Прочитан README.md с описанием архитектуры
- Изучена структура frontend (React + TypeScript + Vite)
- Изучена структура backend (FastAPI + SQLAlchemy)
- Проанализирован основной компонент GiftPage.tsx (698 строк)
- Изучены API сервисы (giftService.ts, taskService.ts)
- Проанализированы модели данных (Gift, Task, Settings)
- Изучены страницы (PremierSubscriptionPage, ProfilePage)

### 📊 Выявленная архитектура
- **Frontend**: React 19 + TypeScript + Vite + React Router v7
- **Backend**: FastAPI + SQLAlchemy + SQLite + Pydantic
- **Основной функционал**: 
  - Интерактивное колесо фортуны с анимацией
  - Система подарков с API
  - Система заданий с отслеживанием прогресса
  - Настраиваемые элементы через Settings API
  - Адаптивный дизайн

### 🎯 Текущее состояние
- ✅ Базовая архитектура настроена
- ✅ API эндпоинты работают
- ✅ Основные компоненты созданы
- ✅ Система настроек реализована
- ✅ Автоинициализация данных
- ⏳ Требуется доработка UI/UX
- ⏳ Нужны дополнительные функции

### 📋 Созданные файлы контекста
- `.ai_context/instructions.md` - правила для AI-ассистента
- `.ai_context/state.md` - текущее состояние проекта
- `.ai_context/knowledge.md` - выявленные шаблоны и соглашения
- `.ai_context/backlog/current.md` - текущий backlog задач
- `.ai_context/session.log` - история сессии

### 🎨 Выявленные особенности дизайна
- Цветовая схема: #1976d2 (основной), #fff (фон), #222 (текст)
- Типографика: жирные заголовки, обычный основной текст
- Компоненты: скругленные карточки, синие кнопки, модальные окна
- Анимации: плавные переходы, requestAnimationFrame для колеса

### 🔧 Технические паттерны
- Компонентный подход с TypeScript типизацией
- API-сервисы для работы с бэкендом
- CSS-модули для изолированных стилей
- REST API с Pydantic валидацией
- Автоинициализация мок-данных

### 📱 Адаптивность
- Брейкпоинты: мобильные < 768px, планшеты 768-1024px, десктоп > 1024px
- Горизонтальная прокрутка на мобильных
- Адаптивные размеры карточек и типографики

### 🚀 Готовность к разработке
Проект готов к дальнейшей разработке. Основная архитектура настроена, API работает, компоненты созданы. Требуется доработка UI/UX и добавление новых функций согласно backlog.

## 2025-01-27 - Обновление Backlog

### 🔄 Изменения в backlog
- Удалены все старые задачи (8 задач)
- Созданы 4 новых эпика согласно требованиям пользователя

### 📋 Новые эпики
1. **BKLG-1: Изменить открытие подарка** (P1)
   - Модификация попапа с контентом при открытии подарка
   - Добавление управления открытием подарка в личном кабинете
   - Интеграция с системой промокодов

2. **BKLG-2: Подгрузка промокодов из файла** (P1)
   - Создание системы загрузки промокодов из текстовых файлов
   - Предоставление инструкции по формату файла
   - Интеграция промокодов с системой подарков

3. **BKLG-3: UTM-разметка** (P2)
   - Добавление UTM-метки `gid-gift` ко всем ссылкам
   - Обеспечение корректного отслеживания переходов
   - Интеграция с системой аналитики

4. **BKLG-4: Добавить Яндекс.Метрику** (P2)
   - Интеграция Яндекс.Метрики в приложение
   - Настройка отслеживания ключевых событий
   - Создание дашборда для анализа эффективности

### 📁 Созданные файлы детализации
- `.ai_context/backlog/docs/BKLG-1.md` - детализация эпика "Изменить открытие подарка"
- `.ai_context/backlog/docs/BKLG-2.md` - детализация эпика "Подгрузка промокодов из файла"
- `.ai_context/backlog/docs/BKLG-3.md` - детализация эпика "UTM-разметка"
- `.ai_context/backlog/docs/BKLG-4.md` - детализация эпика "Добавить Яндекс.Метрику"

### 🔗 Зависимости между эпиками
- BKLG-1 ↔ BKLG-2: Связанные эпики (система промокодов)
- BKLG-3 → BKLG-4: UTM-метки для корректного отслеживания в аналитике

### 📊 Статистика backlog
- **Всего эпиков**: 4
- **Приоритет P1**: 2 эпика (система подарков и промокоды)
- **Приоритет P2**: 2 эпика (UTM-разметка и аналитика)
- **Статус**: Все эпики в статусе "Идея" 